Performing C++ SOURCE FILE Test CMAKE_HAVE_LIBC_PTHREAD failed with the following output:
Change Dir: /home/damiano/scorpion/cmake-build-debug/CMakeFiles/CMakeTmp

Run Build Command(s):/usr/bin/make cmTC_1ab3c/fast && /usr/bin/make -f CMakeFiles/cmTC_1ab3c.dir/build.make CMakeFiles/cmTC_1ab3c.dir/build
make[1]: Wejście do katalogu '/home/damiano/scorpion/cmake-build-debug/CMakeFiles/CMakeTmp'
Building CXX object CMakeFiles/cmTC_1ab3c.dir/src.cxx.o
/usr/bin/c++    -DCMAKE_HAVE_LIBC_PTHREAD   -o CMakeFiles/cmTC_1ab3c.dir/src.cxx.o -c /home/damiano/scorpion/cmake-build-debug/CMakeFiles/CMakeTmp/src.cxx
Linking CXX executable cmTC_1ab3c
/home/damiano/clion-2020.1.3/bin/cmake/linux/bin/cmake -E cmake_link_script CMakeFiles/cmTC_1ab3c.dir/link.txt --verbose=1
/usr/bin/c++   -DCMAKE_HAVE_LIBC_PTHREAD    CMakeFiles/cmTC_1ab3c.dir/src.cxx.o  -o cmTC_1ab3c 
/usr/bin/ld: CMakeFiles/cmTC_1ab3c.dir/src.cxx.o: in function `main':
src.cxx:(.text+0x46): undefined reference to `pthread_create'
/usr/bin/ld: src.cxx:(.text+0x52): undefined reference to `pthread_detach'
/usr/bin/ld: src.cxx:(.text+0x63): undefined reference to `pthread_join'
collect2: error: ld returned 1 exit status
make[1]: *** [CMakeFiles/cmTC_1ab3c.dir/build.make:87: cmTC_1ab3c] Błąd 1
make[1]: Opuszczenie katalogu '/home/damiano/scorpion/cmake-build-debug/CMakeFiles/CMakeTmp'
make: *** [Makefile:121: cmTC_1ab3c/fast] Błąd 2


Source file was:
#include <pthread.h>

void* test_func(void* data)
{
  return data;
}

int main(void)
{
  pthread_t thread;
  pthread_create(&thread, NULL, test_func, NULL);
  pthread_detach(thread);
  pthread_join(thread, NULL);
  pthread_atfork(NULL, NULL, NULL);
  pthread_exit(NULL);

  return 0;
}

Determining if the function pthread_create exists in the pthreads failed with the following output:
Change Dir: /home/damiano/scorpion/cmake-build-debug/CMakeFiles/CMakeTmp

Run Build Command(s):/usr/bin/make cmTC_e14f6/fast && /usr/bin/make -f CMakeFiles/cmTC_e14f6.dir/build.make CMakeFiles/cmTC_e14f6.dir/build
make[1]: Wejście do katalogu '/home/damiano/scorpion/cmake-build-debug/CMakeFiles/CMakeTmp'
Building CXX object CMakeFiles/cmTC_e14f6.dir/CheckFunctionExists.cxx.o
/usr/bin/c++    -DCHECK_FUNCTION_EXISTS=pthread_create   -o CMakeFiles/cmTC_e14f6.dir/CheckFunctionExists.cxx.o -c /home/damiano/scorpion/cmake-build-debug/CMakeFiles/CheckLibraryExists/CheckFunctionExists.cxx
Linking CXX executable cmTC_e14f6
/home/damiano/clion-2020.1.3/bin/cmake/linux/bin/cmake -E cmake_link_script CMakeFiles/cmTC_e14f6.dir/link.txt --verbose=1
/usr/bin/c++   -DCHECK_FUNCTION_EXISTS=pthread_create    CMakeFiles/cmTC_e14f6.dir/CheckFunctionExists.cxx.o  -o cmTC_e14f6  -lpthreads 
/usr/bin/ld: cannot find -lpthreads
collect2: error: ld returned 1 exit status
make[1]: *** [CMakeFiles/cmTC_e14f6.dir/build.make:87: cmTC_e14f6] Błąd 1
make[1]: Opuszczenie katalogu '/home/damiano/scorpion/cmake-build-debug/CMakeFiles/CMakeTmp'
make: *** [Makefile:121: cmTC_e14f6/fast] Błąd 2



